<?xml version="1.0" encoding="UTF-8"?>
<coverage generated="1589083801">
  <project timestamp="1589083801">
    <package name="Acme">
      <file name="/installed/testeUnitario/src/MajorChords.php">
        <class name="Acme\MajorChords" namespace="Acme">
          <metrics complexity="12" methods="7" coveredmethods="7" conditionals="0" coveredconditionals="0" statements="42" coveredstatements="42" elements="49" coveredelements="49"/>
        </class>
        <line num="8" type="method" name="getPossibleNotes" visibility="public" complexity="1" crap="1" count="1"/>
        <line num="9" type="stmt" count="1"/>
        <line num="12" type="method" name="returnNote" visibility="public" complexity="2" crap="2" count="4"/>
        <line num="13" type="stmt" count="4"/>
        <line num="14" type="stmt" count="3"/>
        <line num="15" type="stmt" count="3"/>
        <line num="16" type="stmt" count="3"/>
        <line num="21" type="stmt" count="1"/>
        <line num="24" type="method" name="validateIfIsNote" visibility="public" complexity="1" crap="1" count="12"/>
        <line num="25" type="stmt" count="12"/>
        <line num="28" type="method" name="returnMajorScaleByNote" visibility="public" complexity="2" crap="2" count="7"/>
        <line num="29" type="stmt" count="7"/>
        <line num="30" type="stmt" count="1"/>
        <line num="31" type="stmt" count="1"/>
        <line num="32" type="stmt" count="1"/>
        <line num="38" type="stmt" count="6"/>
        <line num="40" type="stmt" count="6"/>
        <line num="43" type="stmt" count="6"/>
        <line num="46" type="stmt" count="6"/>
        <line num="47" type="stmt" count="6"/>
        <line num="49" type="stmt" count="6"/>
        <line num="50" type="stmt" count="6"/>
        <line num="52" type="stmt" count="6"/>
        <line num="53" type="stmt" count="6"/>
        <line num="55" type="stmt" count="6"/>
        <line num="56" type="stmt" count="6"/>
        <line num="58" type="stmt" count="6"/>
        <line num="59" type="stmt" count="6"/>
        <line num="61" type="stmt" count="6"/>
        <line num="62" type="stmt" count="6"/>
        <line num="64" type="stmt" count="6"/>
        <line num="65" type="stmt" count="6"/>
        <line num="67" type="stmt" count="6"/>
        <line num="70" type="method" name="returnNoteReference" visibility="public" complexity="1" crap="1" count="2"/>
        <line num="71" type="stmt" count="2"/>
        <line num="72" type="stmt" count="2"/>
        <line num="75" type="method" name="nextNoteScale" visibility="public" complexity="3" crap="3" count="6"/>
        <line num="76" type="stmt" count="6"/>
        <line num="77" type="stmt" count="6"/>
        <line num="80" type="stmt" count="6"/>
        <line num="81" type="stmt" count="6"/>
        <line num="83" type="stmt" count="6"/>
        <line num="86" type="method" name="returnPositionByNote" visibility="public" complexity="2" crap="2" count="9"/>
        <line num="87" type="stmt" count="9"/>
        <line num="88" type="stmt" count="8"/>
        <line num="89" type="stmt" count="8"/>
        <line num="91" type="stmt" count="1"/>
        <line num="92" type="stmt" count="1"/>
        <line num="93" type="stmt" count="1"/>
        <metrics loc="101" ncloc="97" classes="1" methods="7" coveredmethods="7" conditionals="0" coveredconditionals="0" statements="42" coveredstatements="42" elements="49" coveredelements="49"/>
      </file>
    </package>
    <file name="/installed/testeUnitario/src/tests/MajorChordsTest.php">
      <class name="MajorChordsTest" namespace="global">
        <metrics complexity="17" methods="17" coveredmethods="12" conditionals="0" coveredconditionals="0" statements="43" coveredstatements="38" elements="60" coveredelements="50"/>
      </class>
      <line num="9" type="method" name="testArrayMustHave12Positions" visibility="public" complexity="1" crap="1" count="1"/>
      <line num="11" type="stmt" count="1"/>
      <line num="12" type="stmt" count="1"/>
      <line num="13" type="stmt" count="1"/>
      <line num="15" type="stmt" count="1"/>
      <line num="17" type="method" name="testReturnErrorIfInsertedAnInvalidPosition" visibility="public" complexity="1" crap="1.04" count="1"/>
      <line num="19" type="stmt" count="1"/>
      <line num="20" type="stmt" count="1"/>
      <line num="21" type="stmt" count="0"/>
      <line num="23" type="method" name="testReturnErrorIfInsertedAnValidPosition" visibility="public" complexity="1" crap="1.04" count="1"/>
      <line num="25" type="stmt" count="1"/>
      <line num="26" type="stmt" count="1"/>
      <line num="27" type="stmt" count="0"/>
      <line num="29" type="method" name="testReturnErrorIfInsertedAnString" visibility="public" complexity="1" crap="1.04" count="1"/>
      <line num="31" type="stmt" count="1"/>
      <line num="32" type="stmt" count="1"/>
      <line num="33" type="stmt" count="0"/>
      <line num="35" type="method" name="testReturnErrorIfInsertedAnStringNoteThatNotExist" visibility="public" complexity="1" crap="1" count="1"/>
      <line num="37" type="stmt" count="1"/>
      <line num="38" type="stmt" count="1"/>
      <line num="40" type="method" name="testReturnErrorIfInsertedAnStringNoteThatExist" visibility="public" complexity="1" crap="1" count="1"/>
      <line num="42" type="stmt" count="1"/>
      <line num="43" type="stmt" count="1"/>
      <line num="45" type="method" name="testMethodMustReturnExceptionIfTheNoteNotExist" visibility="public" complexity="1" crap="1.04" count="1"/>
      <line num="46" type="stmt" count="1"/>
      <line num="47" type="stmt" count="1"/>
      <line num="48" type="stmt" count="0"/>
      <line num="50" type="method" name="testMethodMustReturnArrayIfNoteExist" visibility="public" complexity="1" crap="1" count="1"/>
      <line num="51" type="stmt" count="1"/>
      <line num="52" type="stmt" count="1"/>
      <line num="54" type="method" name="testMethodMustReturnArrayIfWith7notes" visibility="public" complexity="1" crap="1" count="1"/>
      <line num="55" type="stmt" count="1"/>
      <line num="56" type="stmt" count="1"/>
      <line num="58" type="method" name="testMethodMustReturnC_Scale" visibility="public" complexity="1" crap="1" count="1"/>
      <line num="59" type="stmt" count="1"/>
      <line num="60" type="stmt" count="1"/>
      <line num="61" type="stmt" count="1"/>
      <line num="63" type="method" name="testMethodMustReturnG_Scale" visibility="public" complexity="1" crap="1" count="1"/>
      <line num="64" type="stmt" count="1"/>
      <line num="65" type="stmt" count="1"/>
      <line num="66" type="stmt" count="1"/>
      <line num="68" type="method" name="testMethodReturnIntervalScaleDeclareCWithThird" visibility="public" complexity="1" crap="1" count="1"/>
      <line num="69" type="stmt" count="1"/>
      <line num="70" type="stmt" count="1"/>
      <line num="72" type="method" name="testMethodReturnIntervalScaleDeclareGWithThird" visibility="public" complexity="1" crap="1" count="1"/>
      <line num="73" type="stmt" count="1"/>
      <line num="74" type="stmt" count="1"/>
      <line num="76" type="method" name="testReturnPossiblePosition" visibility="public" complexity="1" crap="1" count="1"/>
      <line num="77" type="stmt" count="1"/>
      <line num="78" type="stmt" count="1"/>
      <line num="81" type="method" name="testReturnImpossibleNote" visibility="public" complexity="1" crap="1.04" count="1"/>
      <line num="82" type="stmt" count="1"/>
      <line num="83" type="stmt" count="1"/>
      <line num="84" type="stmt" count="0"/>
      <line num="86" type="method" name="testReturnPositionNoteG" visibility="public" complexity="1" crap="1" count="1"/>
      <line num="87" type="stmt" count="1"/>
      <line num="88" type="stmt" count="1"/>
      <line num="90" type="method" name="testReturnWithImpossibleNoteC" visibility="public" complexity="1" crap="1" count="1"/>
      <line num="91" type="stmt" count="1"/>
      <line num="92" type="stmt" count="1"/>
      <metrics loc="94" ncloc="94" classes="1" methods="17" coveredmethods="12" conditionals="0" coveredconditionals="0" statements="43" coveredstatements="38" elements="60" coveredelements="50"/>
    </file>
    <metrics files="2" loc="195" ncloc="191" classes="2" methods="24" coveredmethods="19" conditionals="0" coveredconditionals="0" statements="85" coveredstatements="80" elements="109" coveredelements="99"/>
  </project>
</coverage>
